<?xml version="1.0" encoding="UTF-8"?>
<TestRun id="b296cd9a-2439-478b-b7a8-a68f5b9e7ab0" name="Fokiruna@DESKTOP-4HTK6P0 2020-10-19 16:19:58" runUser="DESKTOP-4HTK6P0\Fokiruna" xmlns="http://microsoft.com/schemas/VisualStudio/TeamTest/2006">
  <TestRunConfiguration name="Local Test Run" id="e8d20954-f84f-431a-8306-aebb5e3c598d">
    <Description>This is a default test run configuration for a local test run.</Description>
    <Deployment runDeploymentRoot="C:\111\SmartDeviceProjectTest\TestResults\Fokiruna_DESKTOP-4HTK6P0 2020-10-19 16_19_58">
      <DeploymentItem filename="C:\Program Files (x86)\Microsoft SQL Server Compact Edition\v3.5\Devices\Client\System.Data.SqlClient.dll" />
      <DeploymentItem filename="C:\111\SmartDeviceProjectTest\Packages\NUnit.3.12.0\lib\net35\nunit.framework.dll" />
      <DeploymentItem filename="C:\111\SmartDeviceProjectTest\SmartDeviceProjectTest\bin\Debug\SmartDeviceProjectTest.exe" />
      <DeploymentItem filename="C:\111\SmartDeviceProjectTest\Packages\Dapper.1.42\lib\net35\Dapper.dll" />
    </Deployment>
    <TestTypeSpecific />
  </TestRunConfiguration>
  <ResultSummary outcome="Error">
    <Counters total="1" executed="1" error="1" failed="0" timeout="0" aborted="0" inconclusive="0" passedButRunAborted="0" notRunnable="0" notExecuted="0" disconnected="0" warning="0" passed="0" completed="0" inProgress="0" pending="0" />
    <RunInfos>
      <RunInfo computerName="DESKTOP-4HTK6P0" outcome="Warning" timestamp="2020-10-19T16:19:58.2138837+03:00">
        <Text>The storage 'c:\111\smartdeviceprojecttest\testproject1\bin\debug\testproject1.dll' for test 'TestMethod1' with id {329e3e2c-8b50-2fe4-24cb-442d4f18d694} cannot be found.</Text>
      </RunInfo>
    </RunInfos>
  </ResultSummary>
  <Times creation="2020-10-19T16:19:58.0663813+03:00" queuing="2020-10-19T16:19:58.3118909+03:00" start="2020-10-19T16:19:58.4128441+03:00" finish="2020-10-19T16:19:58.4818895+03:00" />
  <TestDefinitions>
    <UnitTest name="TestMethod1" storage="c:\111\smartdeviceprojecttest\testproject1\bin\debug\testproject1.dll" id="329e3e2c-8b50-2fe4-24cb-442d4f18d694">
      <Css projectStructure="" iteration="" />
      <Owners>
        <Owner name="" />
      </Owners>
      <Execution id="1db7c70a-e28a-4bb1-b381-8d85b5e1d096" />
      <TestMethod codeBase="C:\111\SmartDeviceProjectTest\TestProject1\bin\Debug\TestProject1.dll" adapterTypeName="Microsoft.VisualStudio.TestTools.TestTypes.Unit.UnitTestAdapter, Microsoft.VisualStudio.QualityTools.Tips.UnitTest.Adapter, Version=9.0.0.0, Culture=neutral, PublicKeyToken=b03f5f7f11d50a3a" className="TestProject1pg.UnitTest1, TestProject1" name="TestMethod1" />
    </UnitTest>
  </TestDefinitions>
  <TestLists>
    <TestList name="Results Not in a List" id="8c84fa94-04c1-424b-9868-57a2d4851a1d" />
    <TestList name="All Loaded Results" id="19431567-8539-422a-85d7-44ee4e166bda" />
  </TestLists>
  <TestEntries>
    <TestEntry testId="329e3e2c-8b50-2fe4-24cb-442d4f18d694" executionId="1db7c70a-e28a-4bb1-b381-8d85b5e1d096" testListId="8c84fa94-04c1-424b-9868-57a2d4851a1d" />
  </TestEntries>
  <Results>
    <UnitTestResult executionId="1db7c70a-e28a-4bb1-b381-8d85b5e1d096" testId="329e3e2c-8b50-2fe4-24cb-442d4f18d694" testName="TestMethod1" computerName="DESKTOP-4HTK6P0" duration="00:00:00" startTime="2020-10-19T16:19:58.4338584+03:00" endTime="2020-10-19T16:19:58.4618510+03:00" testType="13cdc9d9-ddb5-4fa4-a97d-d965ccfc6d4b" outcome="Error" testListId="8c84fa94-04c1-424b-9868-57a2d4851a1d">
      <Output>
        <ErrorInfo>
          <Message>The test assembly 'C:\111\SmartDeviceProjectTest\TestResults\Fokiruna_DESKTOP-4HTK6P0 2020-10-19 16_19_58\Out\TestProject1.dll' cannot be loaded. Error details: Файл "C:\111\SmartDeviceProjectTest\TestResults\Fokiruna_DESKTOP-4HTK6P0 2020-10-19 16_19_58\Out\TestProject1.dll" не найден.</Message>
        </ErrorInfo>
      </Output>
    </UnitTestResult>
  </Results>
</TestRun>